<?xml version="1.0" encoding="UTF-8" ?>
<testsuite errors="0" failures="0" hostname="Tammy" name="com.flatironschool.javacs.MyHashMapTest" skipped="0" tests="11" time="0.082" timestamp="2016-07-24T01:48:45">
  <properties>
    <property name="java.vendor" value="Oracle Corporation" />
    <property name="env.SYSTEMROOT" value="C:\WINDOWS" />
    <property name="env.USERDOMAIN_ROAMINGPROFILE" value="Tammy" />
    <property name="sun.java.launcher" value="SUN_STANDARD" />
    <property name="sun.management.compiler" value="HotSpot 64-Bit Tiered Compilers" />
    <property name="env.PROMPT" value="$P$G" />
    <property name="env.LESSCHARSET" value="utf-8" />
    <property name="os.name" value="Windows 10" />
    <property name="env.HISTFILE" value="c:/Users/Chen/.bash_history" />
    <property name="env.FP_NO_HOST_CHECK" value="NO" />
    <property name="sun.boot.class.path" value="c:\Program Files\Java\jdk1.8.0_65\jre\lib\resources.jar;c:\Program Files\Java\jdk1.8.0_65\jre\lib\rt.jar;c:\Program Files\Java\jdk1.8.0_65\jre\lib\sunrsasign.jar;c:\Program Files\Java\jdk1.8.0_65\jre\lib\jsse.jar;c:\Program Files\Java\jdk1.8.0_65\jre\lib\jce.jar;c:\Program Files\Java\jdk1.8.0_65\jre\lib\charsets.jar;c:\Program Files\Java\jdk1.8.0_65\jre\lib\jfr.jar;c:\Program Files\Java\jdk1.8.0_65\jre\classes" />
    <property name="env.COMPUTERNAME" value="TAMMY" />
    <property name="env.PWD" value="c:/Users/Chen/codeU/cs-implementing-a-hashtable-lab-codeU/javacs-lab08" />
    <property name="env.MAKE_MODE" value="unix" />
    <property name="env.ALLUSERSPROFILE" value="C:\ProgramData" />
    <property name="sun.desktop" value="windows" />
    <property name="env.LESS" value="-FRSX" />
    <property name="java.vm.specification.vendor" value="Oracle Corporation" />
    <property name="ant.home" value="c:/Program Files/apache-ant-1.9.6" />
    <property name="java.runtime.version" value="1.8.0_65-b17" />
    <property name="env.HOMEPATH" value="\Users\Chen" />
    <property name="user.name" value="Chen" />
    <property name="env.GNUPGHOME" value="c:/Users/Chen/.gnupg" />
    <property name="env.MSYSTEM" value="MINGW32" />
    <property name="env.PATH" value="c:\Users\Chen\bin;.;C:\RailsInstaller\Git\local\bin;C:\RailsInstaller\Git\mingw\bin;C:\RailsInstaller\Git\bin;c:\ProgramData\Oracle\Java\javapath;c:\Program Files (x86)\Intel\iCLS Client\;c:\Program Files\Intel\iCLS Client\;c:\WINDOWS\system32;c:\WINDOWS;c:\WINDOWS\System32\Wbem;c:\WINDOWS\System32\WindowsPowerShell\v1.0\;c:\Program Files\Intel\Intel(R) Management Engine Components\DAL;c:\Program Files\Intel\Intel(R) Management Engine Components\IPT;c:\Program Files (x86)\Intel\Intel(R) Management Engine Components\DAL; C;C:\RailsInstaller\Git\Users\Chen\AppData\Local\Android\sdk\platform-tools;c:\Program Files\Java\jdk1.8.0_65\bin;c:\python27;c:\Program Files (x86)\Skype\Phone\;C:\RailsInstaller\Git\cmd;c:\RailsInstaller\Ruby2.2.0\bin;c:\Program Files\Java\jdk1.8.0_65;c:\Program Files\apache-ant-1.9.6\bin" />
    <property name="user.language" value="en" />
    <property name="env.WINDIR" value="C:\WINDOWS" />
    <property name="sun.boot.library.path" value="c:\Program Files\Java\jdk1.8.0_65\jre\bin" />
    <property name="ant.project.default-target" value="build" />
    <property name="ant.project.name" value="JavaCS" />
    <property name="java.version" value="1.8.0_65" />
    <property name="env.PROCESSOR_IDENTIFIER" value="Intel64 Family 6 Model 60 Stepping 3, GenuineIntel" />
    <property name="user.timezone" value="" />
    <property name="env.TEMP" value="C:/Users/Chen/AppData/Local/Temp" />
    <property name="sun.arch.data.model" value="64" />
    <property name="env.!::" value="::\" />
    <property name="java.endorsed.dirs" value="c:\Program Files\Java\jdk1.8.0_65\jre\lib\endorsed" />
    <property name="sun.cpu.isalist" value="amd64" />
    <property name="env.HOMEDRIVE" value="C:" />
    <property name="sun.jnu.encoding" value="Cp1252" />
    <property name="file.encoding.pkg" value="sun.io" />
    <property name="env.SHLVL" value="1" />
    <property name="env.SYSTEMDRIVE" value="C:" />
    <property name="file.separator" value="\" />
    <property name="java.specification.name" value="Java Platform API Specification" />
    <property name="java.class.version" value="52.0" />
    <property name="user.country" value="US" />
    <property name="ant.file.JavaCS" value="c:\Users\Chen\codeU\cs-implementing-a-hashtable-lab-codeU\javacs-lab08\build.xml" />
    <property name="java.home" value="c:\Program Files\Java\jdk1.8.0_65\jre" />
    <property name="env.APPDATA" value="C:\Users\Chen\AppData\Roaming" />
    <property name="env.PUBLIC" value="C:\Users\Public" />
    <property name="java.vm.info" value="mixed mode" />
    <property name="env.OS" value="Windows_NT" />
    <property name="env.LOGNAME" value="Chen" />
    <property name="ant.file" value="c:\Users\Chen\codeU\cs-implementing-a-hashtable-lab-codeU\javacs-lab08\build.xml" />
    <property name="os.version" value="10.0" />
    <property name="path.separator" value=";" />
    <property name="java.vm.version" value="25.65-b01" />
    <property name="user.variant" value="" />
    <property name="env.USERPROFILE" value="C:\Users\Chen" />
    <property name="ant.library.dir" value="c:/Program Files/apache-ant-1.9.6/lib" />
    <property name="junit.output.dir" value="junit" />
    <property name="env.SSL_CERT_FILE" value="C:\RailsInstaller\cacert.pem" />
    <property name="env.JAVA_HOME" value="c:/Program Files/Java/jdk1.8.0_65" />
    <property name="java.awt.printerjob" value="sun.awt.windows.WPrinterJob" />
    <property name="env.TERM" value="cygwin" />
    <property name="env.TMP" value="C:/Users/Chen/AppData/Local/Temp" />
    <property name="env.FPS_BROWSER_USER_PROFILE_STRING" value="Default" />
    <property name="env.PROGRAMFILES" value="C:\Program Files" />
    <property name="sun.io.unicode.encoding" value="UnicodeLittle" />
    <property name="awt.toolkit" value="sun.awt.windows.WToolkit" />
    <property name="sun.stdout.encoding" value="cp437" />
    <property name="user.script" value="" />
    <property name="user.home" value="C:\Users\Chen" />
    <property name="target" value="1.7" />
    <property name="env.COMMONPROGRAMFILES" value="C:\Program Files\Common Files" />
    <property name="env.SESSIONNAME" value="Console" />
    <property name="java.specification.vendor" value="Oracle Corporation" />
    <property name="java.library.path" value="c:\Program Files\Java\jdk1.8.0_65\jre\bin;C:\WINDOWS\Sun\Java\bin;C:\WINDOWS\system32;C:\WINDOWS;c:\Users\Chen\bin;.;C:\RailsInstaller\Git\local\bin;C:\RailsInstaller\Git\mingw\bin;C:\RailsInstaller\Git\bin;c:\ProgramData\Oracle\Java\javapath;c:\Program Files (x86)\Intel\iCLS Client\;c:\Program Files\Intel\iCLS Client\;c:\WINDOWS\system32;c:\WINDOWS;c:\WINDOWS\System32\Wbem;c:\WINDOWS\System32\WindowsPowerShell\v1.0\;c:\Program Files\Intel\Intel(R) Management Engine Components\DAL;c:\Program Files\Intel\Intel(R) Management Engine Components\IPT;c:\Program Files (x86)\Intel\Intel(R) Management Engine Components\DAL; C;C:\RailsInstaller\Git\Users\Chen\AppData\Local\Android\sdk\platform-tools;c:\Program Files\Java\jdk1.8.0_65\bin;c:\python27;c:\Program Files (x86)\Skype\Phone\;C:\RailsInstaller\Git\cmd;c:\RailsInstaller\Ruby2.2.0\bin;c:\Program Files\Java\jdk1.8.0_65;c:\Program Files\apache-ant-1.9.6\bin;." />
    <property name="java.vendor.url" value="http://java.oracle.com/" />
    <property name="env.NUMBER_OF_PROCESSORS" value="4" />
    <property name="env.COMMONPROGRAMFILES(X86)" value="C:\Program Files (x86)\Common Files" />
    <property name="env.PSMODULEPATH" value="C:\WINDOWS\system32\WindowsPowerShell\v1.0\Modules\" />
    <property name="java.vm.vendor" value="Oracle Corporation" />
    <property name="java.runtime.name" value="Java(TM) SE Runtime Environment" />
    <property name="ant.version" value="Apache Ant(TM) version 1.9.6 compiled on June 29 2015" />
    <property name="java.class.path" value="c:\Users\Chen\codeU\cs-implementing-a-hashtable-lab-codeU\javacs-lab08\bin;c:\Users\Chen\codeU\cs-implementing-a-hashtable-lab-codeU\javacs-lab08\lib\junit-4.12.jar;c:\Users\Chen\codeU\cs-implementing-a-hashtable-lab-codeU\javacs-lab08\lib\hamcrest-core-1.3.jar;c:\Users\Chen\codeU\cs-implementing-a-hashtable-lab-codeU\javacs-lab08\lib\jcommon-1.0.23.jar;c:\Users\Chen\codeU\cs-implementing-a-hashtable-lab-codeU\javacs-lab08\lib\jfreechart-1.0.19.jar;c:\Users\Chen\codeU\cs-implementing-a-hashtable-lab-codeU\javacs-lab08\lib\servlet.jar;c:\Users\Chen\codeU\cs-implementing-a-hashtable-lab-codeU\javacs-lab08\lib\commons-math3-3.6.jar;C:\Program Files\apache-ant-1.9.6\lib\ant-launcher.jar;c:\Program Files\apache-ant-1.9.6\lib\ant.jar;c:\Program Files\apache-ant-1.9.6\lib\ant-junit.jar;c:\Program Files\apache-ant-1.9.6\lib\ant-junit4.jar" />
    <property name="sun.java.command" value="org.apache.tools.ant.taskdefs.optional.junit.JUnitTestRunner com.flatironschool.javacs.MyHashMapTest skipNonTests=false filtertrace=true haltOnError=false haltOnFailure=false formatter=org.apache.tools.ant.taskdefs.optional.junit.OutErrSummaryJUnitResultFormatter showoutput=false outputtoformatters=true logfailedtests=true threadid=0 logtestlistenerevents=false formatter=org.apache.tools.ant.taskdefs.optional.junit.XMLJUnitResultFormatter,c:\Users\Chen\codeU\cs-implementing-a-hashtable-lab-codeU\javacs-lab08\junit\TEST-com.flatironschool.javacs.MyHashMapTest.xml formatter=org.apache.tools.ant.taskdefs.optional.junit.PlainJUnitResultFormatter crashfile=c:\Users\Chen\codeU\cs-implementing-a-hashtable-lab-codeU\javacs-lab08\junitvmwatcher2203540594566008602.properties propsfile=c:\Users\Chen\codeU\cs-implementing-a-hashtable-lab-codeU\javacs-lab08\junit1680312223315976179.properties" />
    <property name="env.PROGRAMW6432" value="C:\Program Files" />
    <property name="ant.file.type.JavaCS" value="file" />
    <property name="env.PROGRAMFILES(X86)" value="C:\Program Files (x86)" />
    <property name="java.vm.specification.name" value="Java Virtual Machine Specification" />
    <property name="ant.file.type" value="file" />
    <property name="env.LOGONSERVER" value="\\TAMMY" />
    <property name="java.vm.specification.version" value="1.8" />
    <property name="env.PROCESSOR_ARCHITECTURE" value="AMD64" />
    <property name="env.COMMONPROGRAMW6432" value="C:\Program Files\Common Files" />
    <property name="sun.os.patch.level" value="" />
    <property name="sun.cpu.endian" value="little" />
    <property name="debuglevel" value="source,lines,vars" />
    <property name="env.HOME" value="c:/Users/Chen" />
    <property name="env.ANT_HOME" value="c:/Program Files/apache-ant-1.9.6" />
    <property name="env.PROCESSOR_REVISION" value="3c03" />
    <property name="java.io.tmpdir" value="C:\Users\Chen\AppData\Local\Temp\" />
    <property name="java.vendor.url.bug" value="http://bugreport.sun.com/bugreport/" />
    <property name="env.COMSPEC" value="C:\WINDOWS\system32\cmd.exe" />
    <property name="env.PROGRAMDATA" value="C:\ProgramData" />
    <property name="env.FPS_BROWSER_APP_PROFILE_STRING" value="Internet Explorer" />
    <property name="java.awt.graphicsenv" value="sun.awt.Win32GraphicsEnvironment" />
    <property name="os.arch" value="amd64" />
    <property name="env.PLINK_PROTOCOL" value="ssh" />
    <property name="java.ext.dirs" value="c:\Program Files\Java\jdk1.8.0_65\jre\lib\ext;C:\WINDOWS\Sun\Java\lib\ext" />
    <property name="env.LOCALAPPDATA" value="C:\Users\Chen\AppData\Local" />
    <property name="user.dir" value="c:\Users\Chen\codeU\cs-implementing-a-hashtable-lab-codeU\javacs-lab08" />
    <property name="line.separator" value="&#xd;&#xa;" />
    <property name="env.INPUTRC" value="C:/RailsInstaller/Git/etc/inputrc" />
    <property name="java.vm.name" value="Java HotSpot(TM) 64-Bit Server VM" />
    <property name="env.PATHEXT" value=".COM;.EXE;.BAT;.CMD;.VBS;.VBE;.JS;.JSE;.WSF;.WSH;.MSC" />
    <property name="basedir" value="c:\Users\Chen\codeU\cs-implementing-a-hashtable-lab-codeU\javacs-lab08" />
    <property name="ant.java.version" value="1.8" />
    <property name="ant.core.lib" value="c:\Program Files\apache-ant-1.9.6\lib\ant.jar" />
    <property name="env.USERNAME" value="Chen" />
    <property name="source" value="1.7" />
    <property name="file.encoding" value="Cp1252" />
    <property name="sun.stderr.encoding" value="cp437" />
    <property name="env.USERDOMAIN" value="Tammy" />
    <property name="java.specification.version" value="1.8" />
    <property name="env.=C:" value="C:\Sites" />
    <property name="ant.project.invoked-targets" value="test2" />
    <property name="env.PROCESSOR_LEVEL" value="6" />
    <property name="env.VBOX_MSI_INSTALL_PATH" value="C:\Program Files\Oracle\VirtualBox\" />
  </properties>
  <testcase classname="com.flatironschool.javacs.MyHashMapTest" name="testGet" time="0.016" />
  <testcase classname="com.flatironschool.javacs.MyHashMapTest" name="testPut" time="0.001" />
  <testcase classname="com.flatironschool.javacs.MyHashMapTest" name="testClear" time="0.0" />
  <testcase classname="com.flatironschool.javacs.MyHashMapTest" name="testSize" time="0.001" />
  <testcase classname="com.flatironschool.javacs.MyHashMapTest" name="testContainsKey" time="0.0" />
  <testcase classname="com.flatironschool.javacs.MyHashMapTest" name="testContainsValue" time="0.0" />
  <testcase classname="com.flatironschool.javacs.MyHashMapTest" name="testKeySet" time="0.0" />
  <testcase classname="com.flatironschool.javacs.MyHashMapTest" name="testPutAll" time="0.0" />
  <testcase classname="com.flatironschool.javacs.MyHashMapTest" name="testIsEmpty" time="0.0" />
  <testcase classname="com.flatironschool.javacs.MyHashMapTest" name="testRemove" time="0.0" />
  <testcase classname="com.flatironschool.javacs.MyHashMapTest" name="testValues" time="0.0" />
  <system-out><![CDATA[]]></system-out>
  <system-err><![CDATA[]]></system-err>
</testsuite>
